<?xml version="1.0" encoding="UTF-8"?>
<testsuite xmlns:xsi="http://www.w3.org/2001/XMLSchema-instance" xsi:noNamespaceSchemaLocation="https://maven.apache.org/surefire/maven-surefire-plugin/xsd/surefire-test-report-3.0.xsd" version="3.0" name="edu.nu.owaspapivulnlab.SecurityVerificationTests" time="2.343" tests="10" errors="0" skipped="0" failures="0">
  <properties>
[...]
</properties>
  <testcase name="testRateLimiting" classname="edu.nu.owaspapivulnlab.SecurityVerificationTests" time="0.158">
    <system-out><![CDATA[2025-10-24T22:07:56.615+05:00  INFO 26076 --- [           main] t.c.s.AnnotationConfigContextLoaderUtils : Could not detect default configuration classes for test class [edu.nu.owaspapivulnlab.SecurityVerificationTests]: SecurityVerificationTests does not declare any static, non-private, non-final, nested classes annotated with @Configuration.
2025-10-24T22:07:56.616+05:00  INFO 26076 --- [           main] .b.t.c.SpringBootTestContextBootstrapper : Found @SpringBootConfiguration edu.nu.owaspapivulnlab.OwaspApiVulnLabApplication for test class edu.nu.owaspapivulnlab.SecurityVerificationTests

  .   ____          _            __ _ _
 /\\ / ___'_ __ _ _(_)_ __  __ _ \ \ \ \
( ( )\___ | '_ | '_| | '_ \/ _` | \ \ \ \
 \\/  ___)| |_)| | | | | || (_| |  ) ) ) )
  '  |____| .__|_| |_|_| |_\__, | / / / /
 =========|_|==============|___/=/_/_/_/

 :: Spring Boot ::                (v3.3.4)

2025-10-24T22:07:56.696+05:00  INFO 26076 --- [           main] e.n.o.SecurityVerificationTests          : Starting SecurityVerificationTests using Java 21.0.8 with PID 26076 (started by FATIMA FAROOQ in C:\Users\FATIMA FAROOQ\OneDrive\Desktop\assignments\ssd\ass3\FATIMA\FATIMA\owasp-api-vuln-lab-assignment-03\owasp-api-vuln-lab)
2025-10-24T22:07:56.698+05:00  INFO 26076 --- [           main] e.n.o.SecurityVerificationTests          : The following 1 profile is active: "test"
2025-10-24T22:07:56.999+05:00  INFO 26076 --- [           main] .s.d.r.c.RepositoryConfigurationDelegate : Bootstrapping Spring Data JPA repositories in DEFAULT mode.
2025-10-24T22:07:57.015+05:00  INFO 26076 --- [           main] .s.d.r.c.RepositoryConfigurationDelegate : Finished Spring Data repository scanning in 22 ms. Found 2 JPA repository interfaces.
2025-10-24T22:07:57.332+05:00  INFO 26076 --- [           main] o.s.b.w.embedded.tomcat.TomcatWebServer  : Tomcat initialized with port 0 (http)
2025-10-24T22:07:57.365+05:00  INFO 26076 --- [           main] o.apache.catalina.core.StandardService   : Starting service [Tomcat]
2025-10-24T22:07:57.365+05:00  INFO 26076 --- [           main] o.apache.catalina.core.StandardEngine    : Starting Servlet engine: [Apache Tomcat/10.1.30]
2025-10-24T22:07:57.453+05:00  INFO 26076 --- [           main] o.a.c.c.C.[Tomcat].[localhost].[/]       : Initializing Spring embedded WebApplicationContext
2025-10-24T22:07:57.453+05:00  INFO 26076 --- [           main] w.s.c.ServletWebServerApplicationContext : Root WebApplicationContext: initialization completed in 754 ms
2025-10-24T22:07:57.498+05:00  INFO 26076 --- [           main] com.zaxxer.hikari.HikariDataSource       : HikariPool-2 - Starting...
2025-10-24T22:07:57.501+05:00  INFO 26076 --- [           main] com.zaxxer.hikari.pool.HikariPool        : HikariPool-2 - Added connection conn10: url=jdbc:h2:mem:apilab user=SA
2025-10-24T22:07:57.501+05:00  INFO 26076 --- [           main] com.zaxxer.hikari.HikariDataSource       : HikariPool-2 - Start completed.
2025-10-24T22:07:57.501+05:00  INFO 26076 --- [           main] o.s.b.a.h2.H2ConsoleAutoConfiguration    : H2 console available at '/h2-console'. Database available at 'jdbc:h2:mem:apilab'
2025-10-24T22:07:57.655+05:00  INFO 26076 --- [           main] o.hibernate.jpa.internal.util.LogHelper  : HHH000204: Processing PersistenceUnitInfo [name: default]
2025-10-24T22:07:57.659+05:00  INFO 26076 --- [           main] o.h.c.internal.RegionFactoryInitiator    : HHH000026: Second-level cache disabled
2025-10-24T22:07:57.676+05:00  INFO 26076 --- [           main] o.s.o.j.p.SpringPersistenceUnitInfo      : No LoadTimeWeaver setup: ignoring JPA class transformer
2025-10-24T22:07:57.768+05:00  INFO 26076 --- [           main] o.h.e.t.j.p.i.JtaPlatformInitiator       : HHH000489: No JTA platform available (set 'hibernate.transaction.jta.platform' to enable JTA platform integration)
2025-10-24T22:07:57.768+05:00  INFO 26076 --- [           main] j.LocalContainerEntityManagerFactoryBean : Initialized JPA EntityManagerFactory for persistence unit 'default'
2025-10-24T22:07:57.832+05:00  WARN 26076 --- [           main] JpaBaseConfiguration$JpaWebConfiguration : spring.jpa.open-in-view is enabled by default. Therefore, database queries may be performed during view rendering. Explicitly configure spring.jpa.open-in-view to disable this warning
2025-10-24T22:07:57.832+05:00  WARN 26076 --- [           main] .s.s.UserDetailsServiceAutoConfiguration : 

Using generated security password: 46811a10-99fe-4d3f-b7ca-a84529fe7dc2

This generated password is for development use only. Your security configuration must be updated before running your application in production.

2025-10-24T22:07:57.832+05:00  INFO 26076 --- [           main] r$InitializeUserDetailsManagerConfigurer : Global AuthenticationManager configured with UserDetailsService bean with name inMemoryUserDetailsManager
2025-10-24T22:07:58.273+05:00  INFO 26076 --- [           main] o.s.b.w.embedded.tomcat.TomcatWebServer  : Tomcat started on port 50729 (http) with context path '/'
2025-10-24T22:07:58.277+05:00  INFO 26076 --- [           main] e.n.o.SecurityVerificationTests          : Started SecurityVerificationTests in 1.655 seconds (process running for 13.72)
2025-10-24T22:07:58.388+05:00  INFO 26076 --- [o-auto-1-exec-1] o.a.c.c.C.[Tomcat].[localhost].[/]       : Initializing Spring DispatcherServlet 'dispatcherServlet'
2025-10-24T22:07:58.389+05:00  INFO 26076 --- [o-auto-1-exec-1] o.s.web.servlet.DispatcherServlet        : Initializing Servlet 'dispatcherServlet'
2025-10-24T22:07:58.389+05:00  INFO 26076 --- [o-auto-1-exec-1] o.s.web.servlet.DispatcherServlet        : Completed initialization in 0 ms
]]></system-out>
  </testcase>
  <testcase name="testInvalidInputRejected" classname="edu.nu.owaspapivulnlab.SecurityVerificationTests" time="0.043">
    <system-out><![CDATA[---- Input Validation ----
Status: 400 BAD_REQUEST
Body: {"error":"Bad Request","message":"Username is required","status":400}
]]></system-out>
    <system-err><![CDATA[Validation Error: Validation failed for argument [0] in public org.springframework.http.ResponseEntity<java.util.Map<java.lang.String, java.lang.Object>> edu.nu.owaspapivulnlab.web.UserController.createUser(edu.nu.owaspapivulnlab.web.UserController$CreateUserRequest) with 3 errors: [Field error in object 'createUserRequest' on field 'username': rejected value []; codes [NotBlank.createUserRequest.username,NotBlank.username,NotBlank.java.lang.String,NotBlank]; arguments [org.springframework.context.support.DefaultMessageSourceResolvable: codes [createUserRequest.username,username]; arguments []; default message [username]]; default message [Username is required]] [Field error in object 'createUserRequest' on field 'username': rejected value []; codes [Size.createUserRequest.username,Size.username,Size.java.lang.String,Size]; arguments [org.springframework.context.support.DefaultMessageSourceResolvable: codes [createUserRequest.username,username]; arguments []; default message [username],30,3]; default message [Username must be between 3 and 30 characters]] [Field error in object 'createUserRequest' on field 'username': rejected value []; codes [Pattern.createUserRequest.username,Pattern.username,Pattern.java.lang.String,Pattern]; arguments [org.springframework.context.support.DefaultMessageSourceResolvable: codes [createUserRequest.username,username]; arguments []; default message [username],[Ljakarta.validation.constraints.Pattern$Flag;@2e1588d4,^[a-zA-Z0-9_]+$]; default message [Username may only contain letters, numbers, and underscores]] 
]]></system-err>
  </testcase>
  <testcase name="testInvalidJwtRejected" classname="edu.nu.owaspapivulnlab.SecurityVerificationTests" time="0.036">
    <system-out><![CDATA[---- JWT Hardening ----
Status: 401 UNAUTHORIZED
Body: null
]]></system-out>
  </testcase>
  <testcase name="testSensitiveEndpointsRequireAuth" classname="edu.nu.owaspapivulnlab.SecurityVerificationTests" time="0.008">
    <system-out><![CDATA[---- Access Control ----
Status: 401 UNAUTHORIZED
Body: null
]]></system-out>
  </testcase>
  <testcase name="testNoSensitiveDataExposed" classname="edu.nu.owaspapivulnlab.SecurityVerificationTests" time="0.01">
    <system-out><![CDATA[---- Data Exposure Control ----
Status: 401 UNAUTHORIZED
Body: null
]]></system-out>
  </testcase>
  <testcase name="testMassAssignmentBlocked" classname="edu.nu.owaspapivulnlab.SecurityVerificationTests" time="0.123">
    <system-out><![CDATA[---- Mass Assignment ----
Status: 201 CREATED
Body: {"role":"USER","id":4,"isAdmin":false,"email":null,"username":"attacker"}
]]></system-out>
  </testcase>
  <testcase name="testErrorResponseDoesNotExposeStackTrace" classname="edu.nu.owaspapivulnlab.SecurityVerificationTests" time="0.02">
    <system-out><![CDATA[---- Error Handling ----
Status: 500 INTERNAL_SERVER_ERROR
Body: {"error":"Internal Server Error","message":"An unexpected error occurred. Please contact support.","status":500}
]]></system-out>
    <system-err><![CDATA[java.lang.RuntimeException: Simulated server error for Part 8 testing
	at edu.nu.owaspapivulnlab.web.UserController.triggerError(UserController.java:207)
	at java.base/jdk.internal.reflect.DirectMethodHandleAccessor.invoke(DirectMethodHandleAccessor.java:103)
	at java.base/java.lang.reflect.Method.invoke(Method.java:580)
	at org.springframework.web.method.support.InvocableHandlerMethod.doInvoke(InvocableHandlerMethod.java:255)
	at org.springframework.web.method.support.InvocableHandlerMethod.invokeForRequest(InvocableHandlerMethod.java:188)
	at org.springframework.web.servlet.mvc.method.annotation.ServletInvocableHandlerMethod.invokeAndHandle(ServletInvocableHandlerMethod.java:118)
	at org.springframework.web.servlet.mvc.method.annotation.RequestMappingHandlerAdapter.invokeHandlerMethod(RequestMappingHandlerAdapter.java:926)
	at org.springframework.web.servlet.mvc.method.annotation.RequestMappingHandlerAdapter.handleInternal(RequestMappingHandlerAdapter.java:831)
	at org.springframework.web.servlet.mvc.method.AbstractHandlerMethodAdapter.handle(AbstractHandlerMethodAdapter.java:87)
	at org.springframework.web.servlet.DispatcherServlet.doDispatch(DispatcherServlet.java:1089)
	at org.springframework.web.servlet.DispatcherServlet.doService(DispatcherServlet.java:979)
	at org.springframework.web.servlet.FrameworkServlet.processRequest(FrameworkServlet.java:1014)
	at org.springframework.web.servlet.FrameworkServlet.doGet(FrameworkServlet.java:903)
	at jakarta.servlet.http.HttpServlet.service(HttpServlet.java:564)
	at org.springframework.web.servlet.FrameworkServlet.service(FrameworkServlet.java:885)
	at jakarta.servlet.http.HttpServlet.service(HttpServlet.java:658)
	at org.apache.catalina.core.ApplicationFilterChain.internalDoFilter(ApplicationFilterChain.java:195)
	at org.apache.catalina.core.ApplicationFilterChain.doFilter(ApplicationFilterChain.java:140)
	at org.apache.tomcat.websocket.server.WsFilter.doFilter(WsFilter.java:51)
	at org.apache.catalina.core.ApplicationFilterChain.internalDoFilter(ApplicationFilterChain.java:164)
	at org.apache.catalina.core.ApplicationFilterChain.doFilter(ApplicationFilterChain.java:140)
	at org.springframework.web.filter.OncePerRequestFilter.doFilter(OncePerRequestFilter.java:101)
	at org.apache.catalina.core.ApplicationFilterChain.internalDoFilter(ApplicationFilterChain.java:164)
	at org.apache.catalina.core.ApplicationFilterChain.doFilter(ApplicationFilterChain.java:140)
	at org.springframework.web.filter.CompositeFilter$VirtualFilterChain.doFilter(CompositeFilter.java:108)
	at org.springframework.security.web.FilterChainProxy.lambda$doFilterInternal$3(FilterChainProxy.java:231)
	at org.springframework.security.web.FilterChainProxy$VirtualFilterChain.doFilter(FilterChainProxy.java:365)
	at org.springframework.security.web.access.intercept.AuthorizationFilter.doFilter(AuthorizationFilter.java:100)
	at org.springframework.security.web.FilterChainProxy$VirtualFilterChain.doFilter(FilterChainProxy.java:374)
	at org.springframework.security.web.access.ExceptionTranslationFilter.doFilter(ExceptionTranslationFilter.java:126)
	at org.springframework.security.web.access.ExceptionTranslationFilter.doFilter(ExceptionTranslationFilter.java:120)
	at org.springframework.security.web.FilterChainProxy$VirtualFilterChain.doFilter(FilterChainProxy.java:374)
	at org.springframework.security.web.session.SessionManagementFilter.doFilter(SessionManagementFilter.java:131)
	at org.springframework.security.web.session.SessionManagementFilter.doFilter(SessionManagementFilter.java:85)
	at org.springframework.security.web.FilterChainProxy$VirtualFilterChain.doFilter(FilterChainProxy.java:374)
	at org.springframework.security.web.authentication.AnonymousAuthenticationFilter.doFilter(AnonymousAuthenticationFilter.java:100)
	at org.springframework.security.web.FilterChainProxy$VirtualFilterChain.doFilter(FilterChainProxy.java:374)
	at org.springframework.security.web.servletapi.SecurityContextHolderAwareRequestFilter.doFilter(SecurityContextHolderAwareRequestFilter.java:179)
	at org.springframework.security.web.FilterChainProxy$VirtualFilterChain.doFilter(FilterChainProxy.java:374)
	at org.springframework.security.web.savedrequest.RequestCacheAwareFilter.doFilter(RequestCacheAwareFilter.java:63)
	at org.springframework.security.web.FilterChainProxy$VirtualFilterChain.doFilter(FilterChainProxy.java:374)
	at edu.nu.owaspapivulnlab.config.SecurityConfig$JwtFilter.doFilterInternal(SecurityConfig.java:153)
	at org.springframework.web.filter.OncePerRequestFilter.doFilter(OncePerRequestFilter.java:116)
	at org.springframework.security.web.FilterChainProxy$VirtualFilterChain.doFilter(FilterChainProxy.java:374)
	at org.springframework.security.web.authentication.logout.LogoutFilter.doFilter(LogoutFilter.java:107)
	at org.springframework.security.web.authentication.logout.LogoutFilter.doFilter(LogoutFilter.java:93)
	at org.springframework.security.web.FilterChainProxy$VirtualFilterChain.doFilter(FilterChainProxy.java:374)
	at org.springframework.security.web.header.HeaderWriterFilter.doHeadersAfter(HeaderWriterFilter.java:90)
	at org.springframework.security.web.header.HeaderWriterFilter.doFilterInternal(HeaderWriterFilter.java:75)
	at org.springframework.web.filter.OncePerRequestFilter.doFilter(OncePerRequestFilter.java:116)
	at org.springframework.security.web.FilterChainProxy$VirtualFilterChain.doFilter(FilterChainProxy.java:374)
	at org.springframework.security.web.context.SecurityContextHolderFilter.doFilter(SecurityContextHolderFilter.java:82)
	at org.springframework.security.web.context.SecurityContextHolderFilter.doFilter(SecurityContextHolderFilter.java:69)
	at org.springframework.security.web.FilterChainProxy$VirtualFilterChain.doFilter(FilterChainProxy.java:374)
	at org.springframework.security.web.context.request.async.WebAsyncManagerIntegrationFilter.doFilterInternal(WebAsyncManagerIntegrationFilter.java:62)
	at org.springframework.web.filter.OncePerRequestFilter.doFilter(OncePerRequestFilter.java:116)
	at org.springframework.security.web.FilterChainProxy$VirtualFilterChain.doFilter(FilterChainProxy.java:374)
	at org.springframework.security.web.session.DisableEncodeUrlFilter.doFilterInternal(DisableEncodeUrlFilter.java:42)
	at org.springframework.web.filter.OncePerRequestFilter.doFilter(OncePerRequestFilter.java:116)
	at org.springframework.security.web.FilterChainProxy$VirtualFilterChain.doFilter(FilterChainProxy.java:374)
	at org.springframework.security.web.FilterChainProxy.doFilterInternal(FilterChainProxy.java:233)
	at org.springframework.security.web.FilterChainProxy.doFilter(FilterChainProxy.java:191)
	at org.springframework.web.filter.CompositeFilter$VirtualFilterChain.doFilter(CompositeFilter.java:113)
	at org.springframework.web.servlet.handler.HandlerMappingIntrospector.lambda$createCacheFilter$3(HandlerMappingIntrospector.java:195)
	at org.springframework.web.filter.CompositeFilter$VirtualFilterChain.doFilter(CompositeFilter.java:113)
	at org.springframework.web.filter.CompositeFilter.doFilter(CompositeFilter.java:74)
	at org.springframework.security.config.annotation.web.configuration.WebMvcSecurityConfiguration$CompositeFilterChainProxy.doFilter(WebMvcSecurityConfiguration.java:230)
	at org.springframework.web.filter.DelegatingFilterProxy.invokeDelegate(DelegatingFilterProxy.java:352)
	at org.springframework.web.filter.DelegatingFilterProxy.doFilter(DelegatingFilterProxy.java:268)
	at org.apache.catalina.core.ApplicationFilterChain.internalDoFilter(ApplicationFilterChain.java:164)
	at org.apache.catalina.core.ApplicationFilterChain.doFilter(ApplicationFilterChain.java:140)
	at org.springframework.web.filter.RequestContextFilter.doFilterInternal(RequestContextFilter.java:100)
	at org.springframework.web.filter.OncePerRequestFilter.doFilter(OncePerRequestFilter.java:116)
	at org.apache.catalina.core.ApplicationFilterChain.internalDoFilter(ApplicationFilterChain.java:164)
	at org.apache.catalina.core.ApplicationFilterChain.doFilter(ApplicationFilterChain.java:140)
	at org.springframework.web.filter.FormContentFilter.doFilterInternal(FormContentFilter.java:93)
	at org.springframework.web.filter.OncePerRequestFilter.doFilter(OncePerRequestFilter.java:116)
	at org.apache.catalina.core.ApplicationFilterChain.internalDoFilter(ApplicationFilterChain.java:164)
	at org.apache.catalina.core.ApplicationFilterChain.doFilter(ApplicationFilterChain.java:140)
	at org.springframework.web.filter.CharacterEncodingFilter.doFilterInternal(CharacterEncodingFilter.java:201)
	at org.springframework.web.filter.OncePerRequestFilter.doFilter(OncePerRequestFilter.java:116)
	at org.apache.catalina.core.ApplicationFilterChain.internalDoFilter(ApplicationFilterChain.java:164)
	at org.apache.catalina.core.ApplicationFilterChain.doFilter(ApplicationFilterChain.java:140)
	at org.apache.catalina.core.StandardWrapperValve.invoke(StandardWrapperValve.java:167)
	at org.apache.catalina.core.StandardContextValve.invoke(StandardContextValve.java:90)
	at org.apache.catalina.authenticator.AuthenticatorBase.invoke(AuthenticatorBase.java:483)
	at org.apache.catalina.core.StandardHostValve.invoke(StandardHostValve.java:115)
	at org.apache.catalina.valves.ErrorReportValve.invoke(ErrorReportValve.java:93)
	at org.apache.catalina.core.StandardEngineValve.invoke(StandardEngineValve.java:74)
	at org.apache.catalina.connector.CoyoteAdapter.service(CoyoteAdapter.java:344)
	at org.apache.coyote.http11.Http11Processor.service(Http11Processor.java:384)
	at org.apache.coyote.AbstractProcessorLight.process(AbstractProcessorLight.java:63)
	at org.apache.coyote.AbstractProtocol$ConnectionHandler.process(AbstractProtocol.java:905)
	at org.apache.tomcat.util.net.NioEndpoint$SocketProcessor.doRun(NioEndpoint.java:1741)
	at org.apache.tomcat.util.net.SocketProcessorBase.run(SocketProcessorBase.java:52)
	at org.apache.tomcat.util.threads.ThreadPoolExecutor.runWorker(ThreadPoolExecutor.java:1190)
	at org.apache.tomcat.util.threads.ThreadPoolExecutor$Worker.run(ThreadPoolExecutor.java:659)
	at org.apache.tomcat.util.threads.TaskThread$WrappingRunnable.run(TaskThread.java:63)
	at java.base/java.lang.Thread.run(Thread.java:1583)
]]></system-err>
  </testcase>
  <testcase name="testUserCannotAccessOthersResources" classname="edu.nu.owaspapivulnlab.SecurityVerificationTests" time="0.018">
    <system-out><![CDATA[---- Resource Ownership ----
Status: 401 UNAUTHORIZED
Body: null
]]></system-out>
  </testcase>
  <testcase name="testPasswordHashingOnSignup" classname="edu.nu.owaspapivulnlab.SecurityVerificationTests" time="0.12">
    <system-out><![CDATA[---- Password Hashing ----
Status: 201 CREATED
Body: {"role":"USER","id":5,"isAdmin":false,"email":null,"username":"secureUser"}
]]></system-out>
  </testcase>
  <testcase name="testLoginAndAccessProtectedEndpoint" classname="edu.nu.owaspapivulnlab.SecurityVerificationTests" time="0.128">
    <system-out><![CDATA[---- Login ----
Status: 200 OK
Body: {"status":"ok"}
---- Access Protected ----
Status: 401 UNAUTHORIZED
Body: null
]]></system-out>
  </testcase>
</testsuite>